2022-04-16 22:23:40,691 [INFO] sqlalchemy.engine.Engine: BEGIN (implicit)
2022-04-16 22:23:40,691 [INFO] sqlalchemy.engine.Engine: PRAGMA main.table_info("songs")
2022-04-16 22:23:40,692 [INFO] sqlalchemy.engine.Engine: [raw sql] ()
2022-04-16 22:23:40,694 [INFO] sqlalchemy.engine.Engine: PRAGMA main.table_info("users")
2022-04-16 22:23:40,695 [INFO] sqlalchemy.engine.Engine: [raw sql] ()
2022-04-16 22:23:40,696 [INFO] sqlalchemy.engine.Engine: COMMIT
2022-04-16 22:41:25,707 [INFO] sqlalchemy.engine.Engine: BEGIN (implicit)
2022-04-16 22:41:25,707 [INFO] sqlalchemy.engine.Engine: PRAGMA main.table_info("songs")
2022-04-16 22:41:25,708 [INFO] sqlalchemy.engine.Engine: [raw sql] ()
2022-04-16 22:41:25,710 [INFO] sqlalchemy.engine.Engine: PRAGMA main.table_info("users")
2022-04-16 22:41:25,711 [INFO] sqlalchemy.engine.Engine: [raw sql] ()
2022-04-16 22:41:25,712 [INFO] sqlalchemy.engine.Engine: COMMIT
2022-04-17 00:13:18,442 [INFO] sqlalchemy.engine.Engine: BEGIN (implicit)
2022-04-17 00:13:18,443 [INFO] sqlalchemy.engine.Engine: PRAGMA main.table_info("songs")
2022-04-17 00:13:18,443 [INFO] sqlalchemy.engine.Engine: [raw sql] ()
2022-04-17 00:13:18,451 [INFO] sqlalchemy.engine.Engine: PRAGMA main.table_info("users")
2022-04-17 00:13:18,452 [INFO] sqlalchemy.engine.Engine: [raw sql] ()
2022-04-17 00:13:18,457 [INFO] sqlalchemy.engine.Engine: COMMIT
2022-04-17 00:21:49,614 [INFO] sqlalchemy.engine.Engine: BEGIN (implicit)
2022-04-17 00:21:49,614 [INFO] sqlalchemy.engine.Engine: PRAGMA main.table_info("songs")
2022-04-17 00:21:49,615 [INFO] sqlalchemy.engine.Engine: [raw sql] ()
2022-04-17 00:21:49,618 [INFO] sqlalchemy.engine.Engine: PRAGMA main.table_info("users")
2022-04-17 00:21:49,619 [INFO] sqlalchemy.engine.Engine: [raw sql] ()
2022-04-17 00:21:49,621 [INFO] sqlalchemy.engine.Engine: COMMIT
2022-04-17 00:58:52,883 [INFO] sqlalchemy.engine.Engine: BEGIN (implicit)
2022-04-17 00:58:52,884 [INFO] sqlalchemy.engine.Engine: PRAGMA main.table_info("songs")
2022-04-17 00:58:52,885 [INFO] sqlalchemy.engine.Engine: [raw sql] ()
2022-04-17 00:58:52,889 [INFO] sqlalchemy.engine.Engine: PRAGMA main.table_info("users")
2022-04-17 00:58:52,890 [INFO] sqlalchemy.engine.Engine: [raw sql] ()
2022-04-17 00:58:52,893 [INFO] sqlalchemy.engine.Engine: COMMIT
2022-04-17 02:02:27,513 [INFO] sqlalchemy.engine.Engine: BEGIN (implicit)
2022-04-17 02:02:27,514 [INFO] sqlalchemy.engine.Engine: PRAGMA main.table_info("songs")
2022-04-17 02:02:27,514 [INFO] sqlalchemy.engine.Engine: [raw sql] ()
2022-04-17 02:02:27,519 [INFO] sqlalchemy.engine.Engine: PRAGMA main.table_info("users")
2022-04-17 02:02:27,519 [INFO] sqlalchemy.engine.Engine: [raw sql] ()
2022-04-17 02:02:27,522 [INFO] sqlalchemy.engine.Engine: COMMIT
2022-04-17 02:04:39,890 [INFO] sqlalchemy.engine.Engine: BEGIN (implicit)
2022-04-17 02:04:39,891 [INFO] sqlalchemy.engine.Engine: PRAGMA main.table_info("songs")
2022-04-17 02:04:39,891 [INFO] sqlalchemy.engine.Engine: [raw sql] ()
2022-04-17 02:04:39,893 [INFO] sqlalchemy.engine.Engine: PRAGMA main.table_info("users")
2022-04-17 02:04:39,894 [INFO] sqlalchemy.engine.Engine: [raw sql] ()
2022-04-17 02:04:39,895 [INFO] sqlalchemy.engine.Engine: COMMIT
2022-04-18 04:26:58,621 [INFO] sqlalchemy.engine.Engine: BEGIN (implicit)
2022-04-18 04:26:58,622 [INFO] sqlalchemy.engine.Engine: PRAGMA main.table_info("songs")
2022-04-18 04:26:58,622 [INFO] sqlalchemy.engine.Engine: [raw sql] ()
2022-04-18 04:26:58,626 [INFO] sqlalchemy.engine.Engine: PRAGMA main.table_info("users")
2022-04-18 04:26:58,627 [INFO] sqlalchemy.engine.Engine: [raw sql] ()
2022-04-18 04:26:58,629 [INFO] sqlalchemy.engine.Engine: COMMIT
2022-04-18 05:11:55,000 [INFO] sqlalchemy.engine.Engine: BEGIN (implicit)
2022-04-18 05:11:55,001 [INFO] sqlalchemy.engine.Engine: PRAGMA main.table_info("songs")
2022-04-18 05:11:55,001 [INFO] sqlalchemy.engine.Engine: [raw sql] ()
2022-04-18 05:11:55,005 [INFO] sqlalchemy.engine.Engine: PRAGMA main.table_info("users")
2022-04-18 05:11:55,006 [INFO] sqlalchemy.engine.Engine: [raw sql] ()
2022-04-18 05:11:55,009 [INFO] sqlalchemy.engine.Engine: COMMIT
2022-04-18 05:12:18,163 [INFO] sqlalchemy.engine.Engine: BEGIN (implicit)
2022-04-18 05:12:18,163 [INFO] sqlalchemy.engine.Engine: PRAGMA main.table_info("songs")
2022-04-18 05:12:18,164 [INFO] sqlalchemy.engine.Engine: [raw sql] ()
2022-04-18 05:12:18,167 [INFO] sqlalchemy.engine.Engine: PRAGMA main.table_info("users")
2022-04-18 05:12:18,167 [INFO] sqlalchemy.engine.Engine: [raw sql] ()
2022-04-18 05:12:18,168 [INFO] sqlalchemy.engine.Engine: COMMIT
2022-04-18 05:15:23,787 [INFO] sqlalchemy.engine.Engine: BEGIN (implicit)
2022-04-18 05:15:23,788 [INFO] sqlalchemy.engine.Engine: PRAGMA main.table_info("songs")
2022-04-18 05:15:23,788 [INFO] sqlalchemy.engine.Engine: [raw sql] ()
2022-04-18 05:15:23,792 [INFO] sqlalchemy.engine.Engine: PRAGMA main.table_info("users")
2022-04-18 05:15:23,792 [INFO] sqlalchemy.engine.Engine: [raw sql] ()
2022-04-18 05:15:23,794 [INFO] sqlalchemy.engine.Engine: COMMIT
2022-04-18 05:25:24,426 [INFO] sqlalchemy.engine.Engine: BEGIN (implicit)
2022-04-18 05:25:24,427 [INFO] sqlalchemy.engine.Engine: PRAGMA main.table_info("songs")
2022-04-18 05:25:24,427 [INFO] sqlalchemy.engine.Engine: [raw sql] ()
2022-04-18 05:25:24,431 [INFO] sqlalchemy.engine.Engine: PRAGMA main.table_info("users")
2022-04-18 05:25:24,431 [INFO] sqlalchemy.engine.Engine: [raw sql] ()
2022-04-18 05:25:24,434 [INFO] sqlalchemy.engine.Engine: COMMIT
2022-04-18 05:26:18,333 [INFO] sqlalchemy.engine.Engine: BEGIN (implicit)
2022-04-18 05:26:18,333 [INFO] sqlalchemy.engine.Engine: PRAGMA main.table_info("songs")
2022-04-18 05:26:18,334 [INFO] sqlalchemy.engine.Engine: [raw sql] ()
2022-04-18 05:26:18,337 [INFO] sqlalchemy.engine.Engine: PRAGMA main.table_info("users")
2022-04-18 05:26:18,338 [INFO] sqlalchemy.engine.Engine: [raw sql] ()
2022-04-18 05:26:18,340 [INFO] sqlalchemy.engine.Engine: COMMIT
2022-04-18 05:35:51,805 [INFO] sqlalchemy.engine.Engine: BEGIN (implicit)
2022-04-18 05:35:51,805 [INFO] sqlalchemy.engine.Engine: PRAGMA main.table_info("songs")
2022-04-18 05:35:51,806 [INFO] sqlalchemy.engine.Engine: [raw sql] ()
2022-04-18 05:35:51,809 [INFO] sqlalchemy.engine.Engine: PRAGMA main.table_info("users")
2022-04-18 05:35:51,809 [INFO] sqlalchemy.engine.Engine: [raw sql] ()
2022-04-18 05:35:51,811 [INFO] sqlalchemy.engine.Engine: COMMIT
2022-04-18 05:42:43,074 [INFO] sqlalchemy.engine.Engine: BEGIN (implicit)
2022-04-18 05:42:43,075 [INFO] sqlalchemy.engine.Engine: PRAGMA main.table_info("songs")
2022-04-18 05:42:43,075 [INFO] sqlalchemy.engine.Engine: [raw sql] ()
2022-04-18 05:42:43,079 [INFO] sqlalchemy.engine.Engine: PRAGMA main.table_info("users")
2022-04-18 05:42:43,079 [INFO] sqlalchemy.engine.Engine: [raw sql] ()
2022-04-18 05:42:43,081 [INFO] sqlalchemy.engine.Engine: COMMIT
2022-04-18 05:51:36,578 [INFO] sqlalchemy.engine.Engine: BEGIN (implicit)
2022-04-18 05:51:36,578 [INFO] sqlalchemy.engine.Engine: PRAGMA main.table_info("songs")
2022-04-18 05:51:36,579 [INFO] sqlalchemy.engine.Engine: [raw sql] ()
2022-04-18 05:51:36,583 [INFO] sqlalchemy.engine.Engine: PRAGMA main.table_info("users")
2022-04-18 05:51:36,584 [INFO] sqlalchemy.engine.Engine: [raw sql] ()
2022-04-18 05:51:36,586 [INFO] sqlalchemy.engine.Engine: COMMIT
2022-04-18 06:06:11,262 [INFO] sqlalchemy.engine.Engine: BEGIN (implicit)
2022-04-18 06:06:11,262 [INFO] sqlalchemy.engine.Engine: PRAGMA main.table_info("songs")
2022-04-18 06:06:11,263 [INFO] sqlalchemy.engine.Engine: [raw sql] ()
2022-04-18 06:06:11,266 [INFO] sqlalchemy.engine.Engine: PRAGMA main.table_info("users")
2022-04-18 06:06:11,267 [INFO] sqlalchemy.engine.Engine: [raw sql] ()
2022-04-18 06:06:11,268 [INFO] sqlalchemy.engine.Engine: COMMIT
2022-04-18 06:12:25,953 [INFO] sqlalchemy.engine.Engine: BEGIN (implicit)
2022-04-18 06:12:25,954 [INFO] sqlalchemy.engine.Engine: PRAGMA main.table_info("songs")
2022-04-18 06:12:25,954 [INFO] sqlalchemy.engine.Engine: [raw sql] ()
2022-04-18 06:12:25,958 [INFO] sqlalchemy.engine.Engine: PRAGMA main.table_info("users")
2022-04-18 06:12:25,958 [INFO] sqlalchemy.engine.Engine: [raw sql] ()
2022-04-18 06:12:25,960 [INFO] sqlalchemy.engine.Engine: COMMIT
2022-04-18 06:13:51,952 [INFO] sqlalchemy.engine.Engine: BEGIN (implicit)
2022-04-18 06:13:51,953 [INFO] sqlalchemy.engine.Engine: PRAGMA main.table_info("songs")
2022-04-18 06:13:51,953 [INFO] sqlalchemy.engine.Engine: [raw sql] ()
2022-04-18 06:13:51,957 [INFO] sqlalchemy.engine.Engine: PRAGMA main.table_info("users")
2022-04-18 06:13:51,957 [INFO] sqlalchemy.engine.Engine: [raw sql] ()
2022-04-18 06:13:51,959 [INFO] sqlalchemy.engine.Engine: COMMIT
2022-04-18 06:14:25,969 [INFO] sqlalchemy.engine.Engine: BEGIN (implicit)
2022-04-18 06:14:25,970 [INFO] sqlalchemy.engine.Engine: PRAGMA main.table_info("songs")
2022-04-18 06:14:25,970 [INFO] sqlalchemy.engine.Engine: [raw sql] ()
2022-04-18 06:14:25,976 [INFO] sqlalchemy.engine.Engine: PRAGMA main.table_info("users")
2022-04-18 06:14:25,976 [INFO] sqlalchemy.engine.Engine: [raw sql] ()
2022-04-18 06:14:25,978 [INFO] sqlalchemy.engine.Engine: COMMIT
2022-04-18 06:17:25,676 [INFO] sqlalchemy.engine.Engine: BEGIN (implicit)
2022-04-18 06:17:25,677 [INFO] sqlalchemy.engine.Engine: PRAGMA main.table_info("songs")
2022-04-18 06:17:25,677 [INFO] sqlalchemy.engine.Engine: [raw sql] ()
2022-04-18 06:17:25,681 [INFO] sqlalchemy.engine.Engine: PRAGMA main.table_info("users")
2022-04-18 06:17:25,681 [INFO] sqlalchemy.engine.Engine: [raw sql] ()
2022-04-18 06:17:25,684 [INFO] sqlalchemy.engine.Engine: COMMIT
2022-04-18 06:18:24,481 [INFO] sqlalchemy.engine.Engine: BEGIN (implicit)
2022-04-18 06:18:24,482 [INFO] sqlalchemy.engine.Engine: PRAGMA main.table_info("songs")
2022-04-18 06:18:24,483 [INFO] sqlalchemy.engine.Engine: [raw sql] ()
2022-04-18 06:18:24,488 [INFO] sqlalchemy.engine.Engine: PRAGMA main.table_info("users")
2022-04-18 06:18:24,488 [INFO] sqlalchemy.engine.Engine: [raw sql] ()
2022-04-18 06:18:24,491 [INFO] sqlalchemy.engine.Engine: COMMIT
2022-04-18 06:18:46,158 [INFO] sqlalchemy.engine.Engine: BEGIN (implicit)
2022-04-18 06:18:46,159 [INFO] sqlalchemy.engine.Engine: PRAGMA main.table_info("songs")
2022-04-18 06:18:46,159 [INFO] sqlalchemy.engine.Engine: [raw sql] ()
2022-04-18 06:18:46,163 [INFO] sqlalchemy.engine.Engine: PRAGMA main.table_info("users")
2022-04-18 06:18:46,163 [INFO] sqlalchemy.engine.Engine: [raw sql] ()
2022-04-18 06:18:46,166 [INFO] sqlalchemy.engine.Engine: COMMIT
2022-04-18 06:23:47,055 [INFO] sqlalchemy.engine.Engine: BEGIN (implicit)
2022-04-18 06:23:47,056 [INFO] sqlalchemy.engine.Engine: PRAGMA main.table_info("songs")
2022-04-18 06:23:47,056 [INFO] sqlalchemy.engine.Engine: [raw sql] ()
2022-04-18 06:23:47,061 [INFO] sqlalchemy.engine.Engine: PRAGMA main.table_info("users")
2022-04-18 06:23:47,061 [INFO] sqlalchemy.engine.Engine: [raw sql] ()
2022-04-18 06:23:47,063 [INFO] sqlalchemy.engine.Engine: COMMIT
2022-04-18 06:24:43,848 [INFO] sqlalchemy.engine.Engine: BEGIN (implicit)
2022-04-18 06:24:43,848 [INFO] sqlalchemy.engine.Engine: PRAGMA main.table_info("songs")
2022-04-18 06:24:43,849 [INFO] sqlalchemy.engine.Engine: [raw sql] ()
2022-04-18 06:24:43,852 [INFO] sqlalchemy.engine.Engine: PRAGMA main.table_info("users")
2022-04-18 06:24:43,853 [INFO] sqlalchemy.engine.Engine: [raw sql] ()
2022-04-18 06:24:43,855 [INFO] sqlalchemy.engine.Engine: COMMIT
2022-04-18 06:44:45,900 [INFO] sqlalchemy.engine.Engine: BEGIN (implicit)
2022-04-18 06:44:45,901 [INFO] sqlalchemy.engine.Engine: PRAGMA main.table_info("songs")
2022-04-18 06:44:45,902 [INFO] sqlalchemy.engine.Engine: [raw sql] ()
2022-04-18 06:44:45,906 [INFO] sqlalchemy.engine.Engine: PRAGMA main.table_info("users")
2022-04-18 06:44:45,906 [INFO] sqlalchemy.engine.Engine: [raw sql] ()
2022-04-18 06:44:45,908 [INFO] sqlalchemy.engine.Engine: COMMIT
2022-04-18 07:08:17,800 [INFO] sqlalchemy.engine.Engine: BEGIN (implicit)
2022-04-18 07:08:17,801 [INFO] sqlalchemy.engine.Engine: PRAGMA main.table_info("songs")
2022-04-18 07:08:17,802 [INFO] sqlalchemy.engine.Engine: [raw sql] ()
2022-04-18 07:08:17,807 [INFO] sqlalchemy.engine.Engine: PRAGMA main.table_info("users")
2022-04-18 07:08:17,807 [INFO] sqlalchemy.engine.Engine: [raw sql] ()
2022-04-18 07:08:17,810 [INFO] sqlalchemy.engine.Engine: COMMIT
2022-04-18 07:24:49,345 [INFO] sqlalchemy.engine.Engine: BEGIN (implicit)
2022-04-18 07:24:49,345 [INFO] sqlalchemy.engine.Engine: PRAGMA main.table_info("songs")
2022-04-18 07:24:49,346 [INFO] sqlalchemy.engine.Engine: [raw sql] ()
2022-04-18 07:24:49,350 [INFO] sqlalchemy.engine.Engine: PRAGMA main.table_info("users")
2022-04-18 07:24:49,350 [INFO] sqlalchemy.engine.Engine: [raw sql] ()
2022-04-18 07:24:49,352 [INFO] sqlalchemy.engine.Engine: COMMIT
2022-04-18 07:40:34,359 [INFO] sqlalchemy.engine.Engine: BEGIN (implicit)
2022-04-18 07:40:34,360 [INFO] sqlalchemy.engine.Engine: PRAGMA main.table_info("songs")
2022-04-18 07:40:34,360 [INFO] sqlalchemy.engine.Engine: [raw sql] ()
2022-04-18 07:40:34,363 [INFO] sqlalchemy.engine.Engine: PRAGMA main.table_info("users")
2022-04-18 07:40:34,363 [INFO] sqlalchemy.engine.Engine: [raw sql] ()
2022-04-18 07:40:34,368 [INFO] sqlalchemy.engine.Engine: COMMIT
2022-04-18 08:19:27,693 [INFO] sqlalchemy.engine.Engine: BEGIN (implicit)
2022-04-18 08:19:27,693 [INFO] sqlalchemy.engine.Engine: PRAGMA main.table_info("songs")
2022-04-18 08:19:27,693 [INFO] sqlalchemy.engine.Engine: [raw sql] ()
2022-04-18 08:19:27,696 [INFO] sqlalchemy.engine.Engine: PRAGMA main.table_info("users")
2022-04-18 08:19:27,696 [INFO] sqlalchemy.engine.Engine: [raw sql] ()
2022-04-18 08:19:27,699 [INFO] sqlalchemy.engine.Engine: COMMIT
2022-04-18 08:24:04,191 [INFO] sqlalchemy.engine.Engine: BEGIN (implicit)
2022-04-18 08:24:04,191 [INFO] sqlalchemy.engine.Engine: PRAGMA main.table_info("songs")
2022-04-18 08:24:04,192 [INFO] sqlalchemy.engine.Engine: [raw sql] ()
2022-04-18 08:24:04,194 [INFO] sqlalchemy.engine.Engine: PRAGMA main.table_info("users")
2022-04-18 08:24:04,194 [INFO] sqlalchemy.engine.Engine: [raw sql] ()
2022-04-18 08:24:04,196 [INFO] sqlalchemy.engine.Engine: COMMIT
2022-04-18 08:28:24,415 [INFO] sqlalchemy.engine.Engine: BEGIN (implicit)
2022-04-18 08:28:24,416 [INFO] sqlalchemy.engine.Engine: PRAGMA main.table_info("songs")
2022-04-18 08:28:24,416 [INFO] sqlalchemy.engine.Engine: [raw sql] ()
2022-04-18 08:28:24,420 [INFO] sqlalchemy.engine.Engine: PRAGMA main.table_info("users")
2022-04-18 08:28:24,420 [INFO] sqlalchemy.engine.Engine: [raw sql] ()
2022-04-18 08:28:24,422 [INFO] sqlalchemy.engine.Engine: COMMIT
